<?xml version="1.0" encoding="UTF-8" standalone="no"?>
<testsuite failures="2" name="cucumber.runtime.formatter.JUnitFormatter" skipped="0" tests="2" time="0.000655">
<testcase classname="Application Login" name="Udemy Home page default login" time="0.000496">
<failure message="The scenario has pending or undefined step(s)"><![CDATA[Given User is on Udemy Landing Page.........................................undefined
When User login into application with "jin" and Password "1234".............skipped
Then Home page must be displayed............................................skipped
And Courses displayed are "true"............................................skipped
]]></failure>
</testcase>
<testcase classname="Application Login" name="Udemy Home page default login" time="0.000159">
<failure message="The scenario has pending or undefined step(s)"><![CDATA[Given User is on Udemy Landing Page.........................................undefined
When User login into application with "john" and Password "4321"............skipped
Then Home page must be displayed............................................skipped
And Courses displayed are "false"...........................................skipped
]]></failure>
</testcase>
</testsuite>
